<?xml version="1.0" encoding="UTF-8"?>
<!-- Generated by org.testng.reporters.JUnitReportReporter -->
<testsuite hostname="krish" failures="0" tests="1" name="p1.c1" time="3.877" errors="0" timestamp="2024-08-15T10:19:07 IST" skipped="0">
  <testcase classname="p1.c1" name="t1" time="3.877"/>
  <system-out/>
</testsuite> <!-- p1.c1 -->
